[NotebookApp | WARNING] No nbgrader_config.py file found (rerun with --debug to see where nbgrader is looking)
[NotebookApp | INFO] Loading the validate_assignment nbgrader serverextension
[NotebookApp | INFO] Serving notebooks from local directory: /Users/mauricio/Documents/Papers/Papers/SLE18/Code/calc/kernel
[NotebookApp | INFO] The Jupyter Notebook is running at:
[NotebookApp | INFO] http://localhost:8891/?token=b258567bcc1f73908670fbd3f92f027385311cd1cc842847
[NotebookApp | INFO]  or http://127.0.0.1:8891/?token=b258567bcc1f73908670fbd3f92f027385311cd1cc842847
[NotebookApp | INFO] Use Control-C to stop this server and shut down all kernels (twice to skip confirmation).
[NotebookApp | INFO] Welcome to Project Jupyter! Explore the various tools available and their corresponding documentation. If you are interested in contributing to the platform, please visit the communityresources section at https://jupyter.org/community.html.
[NotebookApp | CRITICAL] 
    
    Copy/paste this URL into your browser when you connect for the first time,
    to login with a token:
        http://localhost:8891/?token=b258567bcc1f73908670fbd3f92f027385311cd1cc842847
     or http://127.0.0.1:8891/?token=b258567bcc1f73908670fbd3f92f027385311cd1cc842847
[NotebookApp | INFO] Accepting one-time-token-authenticated connection from ::1
[NotebookApp | INFO] Creating new notebook in 
[NotebookApp | INFO] Kernel started: 658a9e90-c4ce-4c52-adff-86fc9d5b0499
[NotebookApp | INFO] KernelRestarter: restarting kernel (1/5), new random ports
[NotebookApp | INFO] KernelRestarter: restarting kernel (2/5), new random ports
[NotebookApp | INFO] KernelRestarter: restarting kernel (3/5), new random ports
[NotebookApp | INFO] KernelRestarter: restarting kernel (4/5), new random ports
[NotebookApp | WARNING] KernelRestarter: restart failed
[NotebookApp | WARNING] Kernel 658a9e90-c4ce-4c52-adff-86fc9d5b0499 died, removing from map.
[NotebookApp | WARNING] Timeout waiting for kernel_info reply from 658a9e90-c4ce-4c52-adff-86fc9d5b0499
[NotebookApp | ERROR] Error opening stream: HTTP 404: Not Found (Kernel does not exist: 658a9e90-c4ce-4c52-adff-86fc9d5b0499)
[NotebookApp | INFO] interrupted
[NotebookApp | CRITICAL] Shutdown confirmed
[NotebookApp | INFO] Shutting down 0 kernels
[NotebookApp | WARNING] No nbgrader_config.py file found (rerun with --debug to see where nbgrader is looking)
[NotebookApp | INFO] Loading the validate_assignment nbgrader serverextension
[NotebookApp | INFO] Serving notebooks from local directory: /Users/mauricio/Documents/Papers/Papers/SLE18/Code/calc/kernel
[NotebookApp | INFO] The Jupyter Notebook is running at:
[NotebookApp | INFO] http://localhost:8891/?token=b464017f47968b309a78c3060f12ec7b6e34439bd8bcaa67
[NotebookApp | INFO]  or http://127.0.0.1:8891/?token=b464017f47968b309a78c3060f12ec7b6e34439bd8bcaa67
[NotebookApp | INFO] Use Control-C to stop this server and shut down all kernels (twice to skip confirmation).
[NotebookApp | INFO] Welcome to Project Jupyter! Explore the various tools available and their corresponding documentation. If you are interested in contributing to the platform, please visit the communityresources section at https://jupyter.org/community.html.
[NotebookApp | CRITICAL] 
    
    Copy/paste this URL into your browser when you connect for the first time,
    to login with a token:
        http://localhost:8891/?token=b464017f47968b309a78c3060f12ec7b6e34439bd8bcaa67
     or http://127.0.0.1:8891/?token=b464017f47968b309a78c3060f12ec7b6e34439bd8bcaa67
[NotebookApp | INFO] Accepting one-time-token-authenticated connection from ::1
[NotebookApp | INFO] interrupted
[NotebookApp | CRITICAL] Shutdown confirmed
[NotebookApp | INFO] Shutting down 0 kernels
[NotebookApp | WARNING] No nbgrader_config.py file found (rerun with --debug to see where nbgrader is looking)
[NotebookApp | INFO] Loading the validate_assignment nbgrader serverextension
[NotebookApp | INFO] Serving notebooks from local directory: /Users/mauricio/Documents/Papers/Papers/SLE18/Code/calc/kernel
[NotebookApp | INFO] The Jupyter Notebook is running at:
[NotebookApp | INFO] http://localhost:8891/?token=0f05f0f4e08fc609d5cbdbcc376b587d0e09b104eb2e307b
[NotebookApp | INFO]  or http://127.0.0.1:8891/?token=0f05f0f4e08fc609d5cbdbcc376b587d0e09b104eb2e307b
[NotebookApp | INFO] Use Control-C to stop this server and shut down all kernels (twice to skip confirmation).
[NotebookApp | INFO] Welcome to Project Jupyter! Explore the various tools available and their corresponding documentation. If you are interested in contributing to the platform, please visit the communityresources section at https://jupyter.org/community.html.
[NotebookApp | CRITICAL] 
    
    Copy/paste this URL into your browser when you connect for the first time,
    to login with a token:
        http://localhost:8891/?token=0f05f0f4e08fc609d5cbdbcc376b587d0e09b104eb2e307b
     or http://127.0.0.1:8891/?token=0f05f0f4e08fc609d5cbdbcc376b587d0e09b104eb2e307b
[NotebookApp | INFO] Accepting one-time-token-authenticated connection from ::1
[NotebookApp | INFO] Saving file at /Untitled.ipynb
[NotebookApp | WARNING] delete /Untitled.ipynb
[NotebookApp | INFO] Creating new notebook in 
[NotebookApp | INFO] Kernel started: ede565f4-7825-4afb-b0d2-a837f6857ee2
[NotebookApp | INFO] KernelRestarter: restarting kernel (1/5), keep random ports
[NotebookApp | INFO] Kernel shutdown: ede565f4-7825-4afb-b0d2-a837f6857ee2
[NotebookApp | WARNING] delete /Untitled.ipynb
[NotebookApp | INFO] interrupted
[NotebookApp | CRITICAL] Shutdown confirmed
[NotebookApp | INFO] Shutting down 0 kernels
[NotebookApp | WARNING] No nbgrader_config.py file found (rerun with --debug to see where nbgrader is looking)
[NotebookApp | INFO] Loading the validate_assignment nbgrader serverextension
[NotebookApp | INFO] Serving notebooks from local directory: /Users/mauricio/Documents/Papers/Papers/SLE18/Code/calc/kernel
[NotebookApp | INFO] The Jupyter Notebook is running at:
[NotebookApp | INFO] http://localhost:8888/?token=cea7b64a7f34c3e3bb0e484b12f64ea227874299befff67e
[NotebookApp | INFO]  or http://127.0.0.1:8888/?token=cea7b64a7f34c3e3bb0e484b12f64ea227874299befff67e
[NotebookApp | INFO] Use Control-C to stop this server and shut down all kernels (twice to skip confirmation).
[NotebookApp | INFO] Welcome to Project Jupyter! Explore the various tools available and their corresponding documentation. If you are interested in contributing to the platform, please visit the communityresources section at https://jupyter.org/community.html.
[NotebookApp | CRITICAL] 
    
    Copy/paste this URL into your browser when you connect for the first time,
    to login with a token:
        http://localhost:8888/?token=cea7b64a7f34c3e3bb0e484b12f64ea227874299befff67e
     or http://127.0.0.1:8888/?token=cea7b64a7f34c3e3bb0e484b12f64ea227874299befff67e
[NotebookApp | INFO] Accepting one-time-token-authenticated connection from ::1
[NotebookApp | INFO] Creating new notebook in 
[NotebookApp | INFO] Kernel started: c753428e-0948-45ef-b5a0-742787ae3ce0
[NotebookApp | WARNING] 404 GET /api/kernels/de367c05-d863-4d94-abbd-bc4380f90ed1/channels?session_id=a6ab7197b415461f8eb761847105d929 (127.0.0.1): Kernel does not exist: de367c05-d863-4d94-abbd-bc4380f90ed1
[NotebookApp | WARNING] 404 GET /api/kernels/de367c05-d863-4d94-abbd-bc4380f90ed1/channels?session_id=a6ab7197b415461f8eb761847105d929 (127.0.0.1) 10.83ms referer=None
[NotebookApp | WARNING] Timeout waiting for kernel_info reply from c753428e-0948-45ef-b5a0-742787ae3ce0
[NotebookApp | WARNING] 404 GET /static/components/codemirror/mode/CalcPlugin/CalcPlugin.js (::1) 1.95ms referer=http://localhost:8888/notebooks/Untitled.ipynb?kernel_name=calcplugin
[NotebookApp | INFO] Saving file at /Untitled.ipynb
[NotebookApp | INFO] Starting buffering for c753428e-0948-45ef-b5a0-742787ae3ce0:2cb4f7219eb9420a82cc78c5198546ab
[NotebookApp | INFO] Kernel shutdown: c753428e-0948-45ef-b5a0-742787ae3ce0
[NotebookApp | WARNING] delete /Untitled.ipynb
[NotebookApp | INFO] interrupted
[NotebookApp | CRITICAL] Shutdown confirmed
[NotebookApp | INFO] Shutting down 0 kernels
[NotebookApp | WARNING] No nbgrader_config.py file found (rerun with --debug to see where nbgrader is looking)
[NotebookApp | INFO] Loading the validate_assignment nbgrader serverextension
[NotebookApp | INFO] Serving notebooks from local directory: /Users/mauricio/Documents/Papers/Papers/SLE18/Code/calc/kernel
[NotebookApp | INFO] The Jupyter Notebook is running at:
[NotebookApp | INFO] http://localhost:8888/?token=471900b8744f5a44e988db5eb19d984e8c13f7c834ed4b03
[NotebookApp | INFO]  or http://127.0.0.1:8888/?token=471900b8744f5a44e988db5eb19d984e8c13f7c834ed4b03
[NotebookApp | INFO] Use Control-C to stop this server and shut down all kernels (twice to skip confirmation).
[NotebookApp | INFO] Welcome to Project Jupyter! Explore the various tools available and their corresponding documentation. If you are interested in contributing to the platform, please visit the communityresources section at https://jupyter.org/community.html.
[NotebookApp | CRITICAL] 
    
    Copy/paste this URL into your browser when you connect for the first time,
    to login with a token:
        http://localhost:8888/?token=471900b8744f5a44e988db5eb19d984e8c13f7c834ed4b03
     or http://127.0.0.1:8888/?token=471900b8744f5a44e988db5eb19d984e8c13f7c834ed4b03
[NotebookApp | INFO] Accepting one-time-token-authenticated connection from ::1
[NotebookApp | INFO] Creating new notebook in 
[NotebookApp | INFO] Kernel started: 7dfcde0a-604a-411b-ba7d-4c7dc39bb707
[NotebookApp | WARNING] Timeout waiting for kernel_info reply from 7dfcde0a-604a-411b-ba7d-4c7dc39bb707
[NotebookApp | WARNING] 404 GET /static/components/codemirror/mode/CalcPlugin/CalcPlugin.js (::1) 16.85ms referer=http://localhost:8888/notebooks/Untitled.ipynb?kernel_name=calcplugin
[NotebookApp | INFO] Starting buffering for 7dfcde0a-604a-411b-ba7d-4c7dc39bb707:8e3de2a6105549b791c9aff29bbb31e6
[NotebookApp | INFO] Kernel shutdown: 7dfcde0a-604a-411b-ba7d-4c7dc39bb707
[NotebookApp | WARNING] delete /Untitled.ipynb
[NotebookApp | INFO] interrupted
[NotebookApp | CRITICAL] Shutdown confirmed
[NotebookApp | INFO] Shutting down 0 kernels
[NotebookApp | WARNING] No nbgrader_config.py file found (rerun with --debug to see where nbgrader is looking)
[NotebookApp | INFO] Loading the validate_assignment nbgrader serverextension
[NotebookApp | INFO] Serving notebooks from local directory: /Users/mauricio/Documents/Papers/Papers/SLE18/Code/calc/kernel
[NotebookApp | INFO] The Jupyter Notebook is running at:
[NotebookApp | INFO] http://localhost:8888/?token=8e764c3796d980d063562d77e18bce0e68d1543c89c9e6ff
[NotebookApp | INFO]  or http://127.0.0.1:8888/?token=8e764c3796d980d063562d77e18bce0e68d1543c89c9e6ff
[NotebookApp | INFO] Use Control-C to stop this server and shut down all kernels (twice to skip confirmation).
[NotebookApp | INFO] Welcome to Project Jupyter! Explore the various tools available and their corresponding documentation. If you are interested in contributing to the platform, please visit the communityresources section at https://jupyter.org/community.html.
[NotebookApp | CRITICAL] 
    
    Copy/paste this URL into your browser when you connect for the first time,
    to login with a token:
        http://localhost:8888/?token=8e764c3796d980d063562d77e18bce0e68d1543c89c9e6ff
     or http://127.0.0.1:8888/?token=8e764c3796d980d063562d77e18bce0e68d1543c89c9e6ff
[NotebookApp | INFO] Accepting one-time-token-authenticated connection from ::1
[NotebookApp | INFO] Creating new notebook in 
[NotebookApp | INFO] Kernel started: bb061221-ef37-482b-8c18-b065e7799447
[NotebookApp | WARNING] Timeout waiting for kernel_info reply from bb061221-ef37-482b-8c18-b065e7799447
[NotebookApp | WARNING] 404 GET /static/components/codemirror/mode/CalcPlugin/CalcPlugin.js (::1) 18.93ms referer=http://localhost:8888/notebooks/Untitled.ipynb?kernel_name=calcplugin
[NotebookApp | INFO] Saving file at /Untitled.ipynb
[NotebookApp | INFO] interrupted
[NotebookApp | CRITICAL] Shutdown confirmed
[NotebookApp | INFO] Shutting down 1 kernel
[NotebookApp | INFO] Kernel shutdown: bb061221-ef37-482b-8c18-b065e7799447
[NotebookApp | WARNING] No nbgrader_config.py file found (rerun with --debug to see where nbgrader is looking)
[NotebookApp | INFO] Loading the validate_assignment nbgrader serverextension
[NotebookApp | INFO] Serving notebooks from local directory: /Users/mauricio/Documents/Papers/Papers/SLE18/Code/calc/kernel
[NotebookApp | INFO] The Jupyter Notebook is running at:
[NotebookApp | INFO] http://localhost:8888/?token=d94f3ed3bd9f0252dc8572bf30e10af353a581d0f5da052d
[NotebookApp | INFO]  or http://127.0.0.1:8888/?token=d94f3ed3bd9f0252dc8572bf30e10af353a581d0f5da052d
[NotebookApp | INFO] Use Control-C to stop this server and shut down all kernels (twice to skip confirmation).
[NotebookApp | INFO] Welcome to Project Jupyter! Explore the various tools available and their corresponding documentation. If you are interested in contributing to the platform, please visit the communityresources section at https://jupyter.org/community.html.
[NotebookApp | CRITICAL] 
    
    Copy/paste this URL into your browser when you connect for the first time,
    to login with a token:
        http://localhost:8888/?token=d94f3ed3bd9f0252dc8572bf30e10af353a581d0f5da052d
     or http://127.0.0.1:8888/?token=d94f3ed3bd9f0252dc8572bf30e10af353a581d0f5da052d
[NotebookApp | INFO] Accepting one-time-token-authenticated connection from ::1
[NotebookApp | INFO] Creating new notebook in 
[NotebookApp | INFO] Kernel started: f9537bb0-849f-4971-bc90-ce0b07c898b8
[NotebookApp | WARNING] Timeout waiting for kernel_info reply from f9537bb0-849f-4971-bc90-ce0b07c898b8
[NotebookApp | WARNING] 404 GET /static/components/codemirror/mode/CalcPlugin/CalcPlugin.js (::1) 21.46ms referer=http://localhost:8888/notebooks/Untitled1.ipynb?kernel_name=calcplugin
[NotebookApp | INFO] Saving file at /Untitled1.ipynb
[NotebookApp | INFO] Starting buffering for f9537bb0-849f-4971-bc90-ce0b07c898b8:5522d3b0ee8e44d8b049c88dd5fca68f
[NotebookApp | INFO] interrupted
[NotebookApp | CRITICAL] Shutdown confirmed
[NotebookApp | INFO] Shutting down 1 kernel
[NotebookApp | INFO] Kernel shutdown: f9537bb0-849f-4971-bc90-ce0b07c898b8
[NotebookApp | WARNING] No nbgrader_config.py file found (rerun with --debug to see where nbgrader is looking)
[NotebookApp | INFO] Loading the validate_assignment nbgrader serverextension
[NotebookApp | INFO] Serving notebooks from local directory: /Users/mauricio/Documents/Papers/Papers/SLE18/Code/calc/kernel
[NotebookApp | INFO] The Jupyter Notebook is running at:
[NotebookApp | INFO] http://localhost:8888/?token=1d87d734a8e34dac99d7eb45456c994bfad3254f1eb1116c
[NotebookApp | INFO]  or http://127.0.0.1:8888/?token=1d87d734a8e34dac99d7eb45456c994bfad3254f1eb1116c
[NotebookApp | INFO] Use Control-C to stop this server and shut down all kernels (twice to skip confirmation).
[NotebookApp | INFO] Welcome to Project Jupyter! Explore the various tools available and their corresponding documentation. If you are interested in contributing to the platform, please visit the communityresources section at https://jupyter.org/community.html.
[NotebookApp | CRITICAL] 
    
    Copy/paste this URL into your browser when you connect for the first time,
    to login with a token:
        http://localhost:8888/?token=1d87d734a8e34dac99d7eb45456c994bfad3254f1eb1116c
     or http://127.0.0.1:8888/?token=1d87d734a8e34dac99d7eb45456c994bfad3254f1eb1116c
[NotebookApp | INFO] Accepting one-time-token-authenticated connection from ::1
[NotebookApp | WARNING] delete /Untitled.ipynb
[NotebookApp | WARNING] delete /Untitled1.ipynb
[NotebookApp | INFO] Creating new notebook in 
[NotebookApp | INFO] Kernel started: 2f965092-a23a-4f25-b8eb-e65fc6a004de
[NotebookApp | INFO] KernelRestarter: restarting kernel (1/5), keep random ports
[NotebookApp | INFO] KernelRestarter: restarting kernel (1/5), keep random ports
[NotebookApp | INFO] KernelRestarter: restarting kernel (1/5), keep random ports
[NotebookApp | WARNING] Timeout waiting for kernel_info reply from 2f965092-a23a-4f25-b8eb-e65fc6a004de
[NotebookApp | INFO] KernelRestarter: restarting kernel (1/5), keep random ports
[NotebookApp | INFO] KernelRestarter: restarting kernel (1/5), keep random ports
[NotebookApp | INFO] KernelRestarter: restarting kernel (1/5), keep random ports
[NotebookApp | INFO] Saving file at /Untitled.ipynb
[NotebookApp | INFO] KernelRestarter: restarting kernel (1/5), keep random ports
[NotebookApp | INFO] KernelRestarter: restarting kernel (1/5), keep random ports
[NotebookApp | INFO] KernelRestarter: restarting kernel (1/5), keep random ports
[NotebookApp | INFO] KernelRestarter: restarting kernel (1/5), keep random ports
[NotebookApp | INFO] KernelRestarter: restarting kernel (1/5), keep random ports
[NotebookApp | INFO] KernelRestarter: restarting kernel (1/5), keep random ports
[NotebookApp | INFO] KernelRestarter: restarting kernel (1/5), keep random ports
[NotebookApp | INFO] KernelRestarter: restarting kernel (1/5), keep random ports
[NotebookApp | INFO] KernelRestarter: restarting kernel (1/5), keep random ports
[NotebookApp | INFO] KernelRestarter: restarting kernel (1/5), keep random ports
[NotebookApp | INFO] KernelRestarter: restarting kernel (1/5), keep random ports
[NotebookApp | INFO] KernelRestarter: restarting kernel (1/5), keep random ports
[NotebookApp | INFO] KernelRestarter: restarting kernel (1/5), keep random ports
[NotebookApp | INFO] KernelRestarter: restarting kernel (1/5), keep random ports
[NotebookApp | INFO] KernelRestarter: restarting kernel (1/5), keep random ports
[NotebookApp | INFO] KernelRestarter: restarting kernel (1/5), keep random ports
[NotebookApp | INFO] KernelRestarter: restarting kernel (1/5), keep random ports
[NotebookApp | INFO] KernelRestarter: restarting kernel (1/5), keep random ports
[NotebookApp | INFO] Starting buffering for 2f965092-a23a-4f25-b8eb-e65fc6a004de:f171862d77eb48c39a8aa0c3f89275c7
[NotebookApp | INFO] Kernel shutdown: 2f965092-a23a-4f25-b8eb-e65fc6a004de
[NotebookApp | WARNING] delete /Untitled.ipynb
[NotebookApp | INFO] Creating new notebook in 
[NotebookApp | INFO] Kernel started: b7d90479-1047-40ff-acf0-145485522902
[NotebookApp | INFO] KernelRestarter: restarting kernel (1/5), keep random ports
[NotebookApp | INFO] KernelRestarter: restarting kernel (1/5), keep random ports
[NotebookApp | INFO] KernelRestarter: restarting kernel (1/5), keep random ports
[NotebookApp | WARNING] Timeout waiting for kernel_info reply from b7d90479-1047-40ff-acf0-145485522902
[NotebookApp | INFO] KernelRestarter: restarting kernel (1/5), keep random ports
[NotebookApp | INFO] Starting buffering for b7d90479-1047-40ff-acf0-145485522902:318d2c6e64bd4db09414b83703a85452
[NotebookApp | INFO] KernelRestarter: restarting kernel (1/5), keep random ports
[NotebookApp | INFO] KernelRestarter: restarting kernel (1/5), keep random ports
[NotebookApp | INFO] KernelRestarter: restarting kernel (1/5), keep random ports
[NotebookApp | INFO] KernelRestarter: restarting kernel (1/5), keep random ports
[NotebookApp | INFO] Kernel shutdown: b7d90479-1047-40ff-acf0-145485522902
[NotebookApp | WARNING] delete /Untitled.ipynb
[NotebookApp | INFO] Creating new notebook in 
[NotebookApp | INFO] Kernel started: 1e174cb8-acea-4602-978f-4ddf89bbc1fc
[NotebookApp | WARNING] Timeout waiting for kernel_info reply from 1e174cb8-acea-4602-978f-4ddf89bbc1fc
[NotebookApp | WARNING] 404 GET /static/components/codemirror/mode/CalcPlugin/CalcPlugin.js (::1) 18.84ms referer=http://localhost:8888/notebooks/Untitled.ipynb?kernel_name=calcplugin
[NotebookApp | WARNING] 404 GET /static/components/preact/preact.min.js.map (::1) 3.15ms referer=None
[NotebookApp | WARNING] 404 GET /static/components/proptypes/index.js.map (::1) 2.86ms referer=None
[NotebookApp | WARNING] 404 GET /static/components/preact-compat/preact-compat.min.js.map (::1) 2.60ms referer=None
[NotebookApp | INFO] Saving file at /Untitled.ipynb
[NotebookApp | INFO] Starting buffering for 1e174cb8-acea-4602-978f-4ddf89bbc1fc:6c3a3f7bd6354535836536b40eca6001
[NotebookApp | INFO] Kernel shutdown: 1e174cb8-acea-4602-978f-4ddf89bbc1fc
[NotebookApp | WARNING] delete /Untitled.ipynb
[NotebookApp | INFO] Creating new notebook in 
[NotebookApp | INFO] Kernel started: cb0de5cf-17d5-4159-b727-11a7ab5c5d0c
[NotebookApp | WARNING] Timeout waiting for kernel_info reply from cb0de5cf-17d5-4159-b727-11a7ab5c5d0c
[NotebookApp | WARNING] 404 GET /static/components/codemirror/mode/CalcPlugin/CalcPlugin.js (::1) 2.92ms referer=http://localhost:8888/notebooks/Untitled.ipynb?kernel_name=calcplugin
[NotebookApp | INFO] Saving file at /Untitled.ipynb
[NotebookApp | INFO] Saving file at /Untitled.ipynb
[NotebookApp | INFO] Starting buffering for cb0de5cf-17d5-4159-b727-11a7ab5c5d0c:7c0833bbd89d4984806bd852ff0946cb
[NotebookApp | INFO] Kernel shutdown: cb0de5cf-17d5-4159-b727-11a7ab5c5d0c
[NotebookApp | WARNING] delete /Untitled.ipynb
[NotebookApp | INFO] Creating new notebook in 
[NotebookApp | INFO] Kernel started: 33600686-d1b2-4a3f-aa88-8279014886d3
[NotebookApp | WARNING] Timeout waiting for kernel_info reply from 33600686-d1b2-4a3f-aa88-8279014886d3
[NotebookApp | WARNING] 404 GET /static/components/codemirror/mode/CalcPlugin/CalcPlugin.js (::1) 2.48ms referer=http://localhost:8888/notebooks/Untitled.ipynb?kernel_name=calcplugin
[NotebookApp | INFO] Saving file at /Untitled.ipynb
[NotebookApp | INFO] Starting buffering for 33600686-d1b2-4a3f-aa88-8279014886d3:8cfebadf0dc84f639d9335df1450226c
[NotebookApp | INFO] Kernel shutdown: 33600686-d1b2-4a3f-aa88-8279014886d3
[NotebookApp | INFO] Creating new notebook in 
[NotebookApp | WARNING] delete /Untitled.ipynb
[NotebookApp | INFO] Kernel started: c2c1b068-0e1f-4c5d-a3ad-49f15d7ce9f7
[NotebookApp | WARNING] Timeout waiting for kernel_info reply from c2c1b068-0e1f-4c5d-a3ad-49f15d7ce9f7
[NotebookApp | WARNING] 404 GET /static/components/codemirror/mode/CalcPlugin/CalcPlugin.js (::1) 1.90ms referer=http://localhost:8888/notebooks/Untitled1.ipynb?kernel_name=calcplugin
[NotebookApp | INFO] Saving file at /Untitled1.ipynb
[NotebookApp | INFO] Starting buffering for c2c1b068-0e1f-4c5d-a3ad-49f15d7ce9f7:f9b3caf07b5f4dbbae4bcac7b06d86d5
[NotebookApp | INFO] Kernel shutdown: c2c1b068-0e1f-4c5d-a3ad-49f15d7ce9f7
[NotebookApp | WARNING] delete /Untitled1.ipynb
[NotebookApp | WARNING] No nbgrader_config.py file found (rerun with --debug to see where nbgrader is looking)
[NotebookApp | INFO] Loading the validate_assignment nbgrader serverextension
[NotebookApp | INFO] Serving notebooks from local directory: /Users/mauricio/Documents/Papers/Papers/SLE18/Code/calc/kernel
[NotebookApp | INFO] The Jupyter Notebook is running at:
[NotebookApp | INFO] http://localhost:8888/?token=2d057cdce300d542aa7331e457c94df4ed0b821976f78d9a
[NotebookApp | INFO]  or http://127.0.0.1:8888/?token=2d057cdce300d542aa7331e457c94df4ed0b821976f78d9a
[NotebookApp | INFO] Use Control-C to stop this server and shut down all kernels (twice to skip confirmation).
[NotebookApp | INFO] Welcome to Project Jupyter! Explore the various tools available and their corresponding documentation. If you are interested in contributing to the platform, please visit the communityresources section at https://jupyter.org/community.html.
[NotebookApp | CRITICAL] 
    
    Copy/paste this URL into your browser when you connect for the first time,
    to login with a token:
        http://localhost:8888/?token=2d057cdce300d542aa7331e457c94df4ed0b821976f78d9a
     or http://127.0.0.1:8888/?token=2d057cdce300d542aa7331e457c94df4ed0b821976f78d9a
[NotebookApp | INFO] Accepting one-time-token-authenticated connection from ::1
[NotebookApp | INFO] Creating new notebook in 
[NotebookApp | INFO] Kernel started: 7515dbf1-7396-41bc-a335-a9b3a67ccb3d
[NotebookApp | INFO] KernelRestarter: restarting kernel (1/5), keep random ports
[NotebookApp | INFO] KernelRestarter: restarting kernel (1/5), keep random ports
[NotebookApp | INFO] KernelRestarter: restarting kernel (1/5), keep random ports
[NotebookApp | WARNING] Timeout waiting for kernel_info reply from 7515dbf1-7396-41bc-a335-a9b3a67ccb3d
[NotebookApp | INFO] KernelRestarter: restarting kernel (1/5), keep random ports
[NotebookApp | INFO] KernelRestarter: restarting kernel (1/5), keep random ports
[NotebookApp | INFO] Saving file at /Untitled.ipynb
[NotebookApp | INFO] KernelRestarter: restarting kernel (1/5), keep random ports
[NotebookApp | INFO] Starting buffering for 7515dbf1-7396-41bc-a335-a9b3a67ccb3d:426b7c395aa2427687dd00d6dc9ee03d
[NotebookApp | INFO] Kernel shutdown: 7515dbf1-7396-41bc-a335-a9b3a67ccb3d
[NotebookApp | WARNING] delete /Untitled.ipynb
[NotebookApp | INFO] Creating new notebook in 
[NotebookApp | INFO] Kernel started: 453056d7-7894-4dc6-9bda-c218e0e86dc4
[NotebookApp | WARNING] Timeout waiting for kernel_info reply from 453056d7-7894-4dc6-9bda-c218e0e86dc4
[NotebookApp | WARNING] 404 GET /static/components/codemirror/mode/CalcPlugin/CalcPlugin.js (::1) 15.59ms referer=http://localhost:8888/notebooks/Untitled.ipynb?kernel_name=calcplugin
[NotebookApp | INFO] Saving file at /Untitled.ipynb
[NotebookApp | INFO] Starting buffering for 453056d7-7894-4dc6-9bda-c218e0e86dc4:66e5ed6960bb4c9e84b95a81c21e3cec
[NotebookApp | INFO] Kernel shutdown: 453056d7-7894-4dc6-9bda-c218e0e86dc4
[NotebookApp | WARNING] delete /Untitled.ipynb
[NotebookApp | INFO] interrupted
[NotebookApp | CRITICAL] Shutdown confirmed
[NotebookApp | INFO] Shutting down 0 kernels
[NotebookApp | WARNING] No nbgrader_config.py file found (rerun with --debug to see where nbgrader is looking)
[NotebookApp | INFO] Loading the validate_assignment nbgrader serverextension
[NotebookApp | INFO] Serving notebooks from local directory: /Users/mauricio/Documents/Papers/Papers/SLE18/Code/calc/kernel
[NotebookApp | INFO] The Jupyter Notebook is running at:
[NotebookApp | INFO] http://localhost:8888/?token=076136a80b3731651ab912bf141351f9f58d89cdbe166df8
[NotebookApp | INFO]  or http://127.0.0.1:8888/?token=076136a80b3731651ab912bf141351f9f58d89cdbe166df8
[NotebookApp | INFO] Use Control-C to stop this server and shut down all kernels (twice to skip confirmation).
[NotebookApp | INFO] Welcome to Project Jupyter! Explore the various tools available and their corresponding documentation. If you are interested in contributing to the platform, please visit the communityresources section at https://jupyter.org/community.html.
[NotebookApp | CRITICAL] 
    
    Copy/paste this URL into your browser when you connect for the first time,
    to login with a token:
        http://localhost:8888/?token=076136a80b3731651ab912bf141351f9f58d89cdbe166df8
     or http://127.0.0.1:8888/?token=076136a80b3731651ab912bf141351f9f58d89cdbe166df8
[NotebookApp | INFO] Accepting one-time-token-authenticated connection from ::1
[NotebookApp | INFO] Creating new notebook in 
[NotebookApp | INFO] Kernel started: f37823fa-09f9-44be-9da5-f07c88a7dfdc
[NotebookApp | WARNING] Timeout waiting for kernel_info reply from f37823fa-09f9-44be-9da5-f07c88a7dfdc
[NotebookApp | WARNING] 404 GET /static/components/codemirror/mode/CalcPluginFinal/CalcPluginFinal.js (::1) 10.73ms referer=http://localhost:8888/notebooks/Untitled.ipynb?kernel_name=calcpluginfinal
[NotebookApp | INFO] Saving file at /Untitled.ipynb
[NotebookApp | INFO] Starting buffering for f37823fa-09f9-44be-9da5-f07c88a7dfdc:edc96fde94da4254818d7c46a1e6c3d7
[NotebookApp | INFO] interrupted
[NotebookApp | CRITICAL] Shutdown confirmed
[NotebookApp | INFO] Kernel shutdown: f37823fa-09f9-44be-9da5-f07c88a7dfdc
[NotebookApp | INFO] Shutting down 0 kernels
